#-----------------------------------------------------------
# Vivado v2018.3 (64-bit)
# SW Build 2405991 on Thu Dec  6 23:38:27 MST 2018
# IP Build 2404404 on Fri Dec  7 01:43:56 MST 2018
# Start of session at: Tue Sep 24 09:22:14 2019
# Process ID: 12244
# Current directory: C:/codes/thinpad_top
# Command line: vivado.exe -gui_launcher_event rodinguilauncherevent13192 C:\codes\thinpad_top\thinpad_top.xpr
# Log file: C:/codes/thinpad_top/vivado.log
# Journal file: C:/codes/thinpad_top\vivado.jou
#-----------------------------------------------------------
start_gui
open_project C:/codes/thinpad_top/thinpad_top.xpr
Scanning sources...
Finished scanning sources
INFO: [IP_Flow 19-234] Refreshing IP repositories
INFO: [IP_Flow 19-1704] No user IP repositories specified
INFO: [IP_Flow 19-2313] Loaded Vivado IP repository 'C:/Xilinx/Vivado/2018.3/data/ip'.
open_project: Time (s): cpu = 00:00:17 ; elapsed = 00:00:08 . Memory (MB): peak = 664.422 ; gain = 91.379
update_compile_order -fileset sources_1
update_compile_order -fileset sources_1
add_files -norecurse {C:/Users/天行/Desktop/eth_tx_client_fifo.v C:/Users/天行/Desktop/eth_rx_client_fifo.v}
update_compile_order -fileset sources_1
export_ip_user_files -of_objects  [get_files C:/Users/天行/Desktop/eth_rx_client_fifo.v] -no_script -reset -force -quiet
export_ip_user_files -of_objects  [get_files C:/Users/天行/Desktop/eth_tx_client_fifo.v] -no_script -reset -force -quiet
remove_files  {C:/Users/天行/Desktop/eth_rx_client_fifo.v C:/Users/天行/Desktop/eth_tx_client_fifo.v}
import_files -norecurse {C:/Users/天行/Desktop/eth_tx_client_fifo.v C:/Users/天行/Desktop/eth_rx_client_fifo.v}
update_compile_order -fileset sources_1
export_ip_user_files -of_objects  [get_files C:/codes/thinpad_top/thinpad_top.srcs/sources_1/imports/Desktop/eth_rx_client_fifo.v] -no_script -reset -force -quiet
export_ip_user_files -of_objects  [get_files C:/codes/thinpad_top/thinpad_top.srcs/sources_1/imports/Desktop/eth_tx_client_fifo.v] -no_script -reset -force -quiet
remove_files  {C:/codes/thinpad_top/thinpad_top.srcs/sources_1/imports/Desktop/eth_rx_client_fifo.v C:/codes/thinpad_top/thinpad_top.srcs/sources_1/imports/Desktop/eth_tx_client_fifo.v}
file delete -force C:/codes/thinpad_top/thinpad_top.srcs/sources_1/imports/Desktop/eth_rx_client_fifo.v C:/codes/thinpad_top/thinpad_top.srcs/sources_1/imports/Desktop/eth_tx_client_fifo.v
remove_files  {C:/codes/thinpad_top/thinpad_top.srcs/sources_1/imports/Desktop/eth_rx_client_fifo.v C:/codes/thinpad_top/thinpad_top.srcs/sources_1/imports/Desktop/eth_tx_client_fifo.v}
WARNING: [Vivado 12-818] No files matched 'C:/codes/thinpad_top/thinpad_top.srcs/sources_1/imports/Desktop/eth_rx_client_fifo.v'
WARNING: [Vivado 12-818] No files matched 'C:/codes/thinpad_top/thinpad_top.srcs/sources_1/imports/Desktop/eth_tx_client_fifo.v'
close [ open C:/codes/thinpad_top/thinpad_top.srcs/sources_1/new/eth_mac_rx_fifo.v w ]
add_files C:/codes/thinpad_top/thinpad_top.srcs/sources_1/new/eth_mac_rx_fifo.v
close [ open C:/codes/thinpad_top/thinpad_top.srcs/sources_1/new/eth_mac_tx_fifo.v w ]
add_files C:/codes/thinpad_top/thinpad_top.srcs/sources_1/new/eth_mac_tx_fifo.v
update_compile_order -fileset sources_1
exit
INFO: [Common 17-206] Exiting Vivado at Tue Sep 24 09:36:20 2019...
